2023-12-17T00:14:47+00:00 CRITICAL Uncaught Error: Call to undefined function set_full_image() in W:\domains\test-adelohost\wp-content\themes\handeny\woocommerce\single-product.php:6
Stack trace:
#0 W:\domains\test-adelohost\wp-includes\template-loader.php(106): include()
#1 W:\domains\test-adelohost\wp-blog-header.php(19): require_once('W:\\domains\\test...')
#2 W:\domains\test-adelohost\index.php(17): require('W:\\domains\\test...')
#3 {main}
  thrown in W:\domains\test-adelohost\wp-content\themes\handeny\woocommerce\single-product.php on line 6

2023-12-17T00:14:49+00:00 CRITICAL Uncaught Error: Call to undefined function set_full_image() in W:\domains\test-adelohost\wp-content\themes\handeny\woocommerce\single-product.php:6
Stack trace:
#0 W:\domains\test-adelohost\wp-includes\template-loader.php(106): include()
#1 W:\domains\test-adelohost\wp-blog-header.php(19): require_once('W:\\domains\\test...')
#2 W:\domains\test-adelohost\index.php(17): require('W:\\domains\\test...')
#3 {main}
  thrown in W:\domains\test-adelohost\wp-content\themes\handeny\woocommerce\single-product.php on line 6

2023-12-17T00:14:51+00:00 CRITICAL Uncaught Error: Call to undefined function set_full_image() in W:\domains\test-adelohost\wp-content\themes\handeny\woocommerce\single-product.php:6
Stack trace:
#0 W:\domains\test-adelohost\wp-includes\template-loader.php(106): include()
#1 W:\domains\test-adelohost\wp-blog-header.php(19): require_once('W:\\domains\\test...')
#2 W:\domains\test-adelohost\index.php(17): require('W:\\domains\\test...')
#3 {main}
  thrown in W:\domains\test-adelohost\wp-content\themes\handeny\woocommerce\single-product.php on line 6

2023-12-17T00:15:18+00:00 CRITICAL Uncaught Error: Using $this when not in object context in W:\domains\test-adelohost\wp-content\themes\handeny\woocommerce\single-product.php:6
Stack trace:
#0 W:\domains\test-adelohost\wp-includes\template-loader.php(106): include()
#1 W:\domains\test-adelohost\wp-blog-header.php(19): require_once('W:\\domains\\test...')
#2 W:\domains\test-adelohost\index.php(17): require('W:\\domains\\test...')
#3 {main}
  thrown in W:\domains\test-adelohost\wp-content\themes\handeny\woocommerce\single-product.php on line 6

